<?xml version="1.0" encoding="UTF-8"?>
<!-- Generated by org.testng.reporters.JUnitReportReporter -->
<testsuite hostname="ASIA31064" failures="0" tests="1" name="testCases.TC_001_AccountRegistrationTest" time="4.066" errors="0" timestamp="2023-10-01T18:01:44 IST" skipped="0">
  <testcase classname="testCases.TC_001_AccountRegistrationTest" name="test_account_Registration" time="4.066"/>
  <system-out/>
</testsuite> <!-- testCases.TC_001_AccountRegistrationTest -->
